Watching for file changes with StatReloader
[25/Apr/2026 03:14:49] "GET /api/auth/csrf/ HTTP/1.1" 200 80
[25/Apr/2026 03:14:49] "GET /api/auth/csrf/ HTTP/1.1" 200 80
Unauthorized: /api/auth/me/
Unauthorized: /api/auth/me/
[25/Apr/2026 03:14:49] "GET /api/auth/me/ HTTP/1.1" 401 58
[25/Apr/2026 03:14:49] "GET /api/auth/me/ HTTP/1.1" 401 58
Bad Request: /api/auth/refresh/
Bad Request: /api/auth/refresh/
[25/Apr/2026 03:14:49] "POST /api/auth/refresh/ HTTP/1.1" 400 40
[25/Apr/2026 03:14:49] "POST /api/auth/refresh/ HTTP/1.1" 400 40
[25/Apr/2026 03:20:10] "POST /api/auth/signup/ HTTP/1.1" 201 500
[25/Apr/2026 03:31:39] "GET /api/auth/csrf/ HTTP/1.1" 200 80
[25/Apr/2026 03:31:39] "GET /api/auth/csrf/ HTTP/1.1" 200 80
[25/Apr/2026 03:31:39] "GET /api/auth/me/ HTTP/1.1" 200 500
[25/Apr/2026 03:31:39] "GET /api/auth/me/ HTTP/1.1" 200 500
[25/Apr/2026 03:34:17] "GET /api/auth/csrf/ HTTP/1.1" 200 80
[25/Apr/2026 03:34:17] "GET /api/auth/csrf/ HTTP/1.1" 200 80
[25/Apr/2026 03:34:17] "GET /api/auth/me/ HTTP/1.1" 200 500
[25/Apr/2026 03:34:17] "GET /api/auth/me/ HTTP/1.1" 200 500
[25/Apr/2026 03:34:39] "GET /api/auth/csrf/ HTTP/1.1" 200 80
[25/Apr/2026 03:34:39] "GET /api/auth/csrf/ HTTP/1.1" 200 80
[25/Apr/2026 03:34:39] "GET /api/auth/me/ HTTP/1.1" 200 500
[25/Apr/2026 03:34:39] "GET /api/auth/me/ HTTP/1.1" 200 500
[25/Apr/2026 03:34:48] "GET /api/auth/csrf/ HTTP/1.1" 200 80
[25/Apr/2026 03:34:48] "GET /api/auth/csrf/ HTTP/1.1" 200 80
[25/Apr/2026 03:34:48] "GET /api/auth/me/ HTTP/1.1" 200 500
[25/Apr/2026 03:34:48] "GET /api/auth/me/ HTTP/1.1" 200 500
[25/Apr/2026 03:38:15] "GET /api/auth/csrf/ HTTP/1.1" 200 80
[25/Apr/2026 03:38:15] "GET /api/auth/csrf/ HTTP/1.1" 200 80
[25/Apr/2026 03:38:15] "GET /api/auth/me/ HTTP/1.1" 200 500
[25/Apr/2026 03:38:15] "GET /api/auth/me/ HTTP/1.1" 200 500
[25/Apr/2026 03:42:43] "GET /api/auth/csrf/ HTTP/1.1" 200 80
[25/Apr/2026 03:42:43] "GET /api/auth/csrf/ HTTP/1.1" 200 80
[25/Apr/2026 03:42:43] "GET /api/auth/me/ HTTP/1.1" 200 500
[25/Apr/2026 03:42:43] "GET /api/auth/me/ HTTP/1.1" 200 500
[25/Apr/2026 03:43:16] "GET /api/auth/csrf/ HTTP/1.1" 200 80
[25/Apr/2026 03:43:16] "GET /api/auth/csrf/ HTTP/1.1" 200 80
[25/Apr/2026 03:43:16] "GET /api/auth/me/ HTTP/1.1" 200 500
[25/Apr/2026 03:43:16] "GET /api/auth/me/ HTTP/1.1" 200 500
[25/Apr/2026 03:50:16] "GET /api/auth/csrf/ HTTP/1.1" 200 80
[25/Apr/2026 03:50:16] "GET /api/auth/csrf/ HTTP/1.1" 200 80
Unauthorized: /api/auth/me/
[25/Apr/2026 03:50:16] "GET /api/auth/me/ HTTP/1.1" 401 58
Unauthorized: /api/auth/me/
[25/Apr/2026 03:50:16] "GET /api/auth/me/ HTTP/1.1" 401 58
[25/Apr/2026 03:50:17] "POST /api/auth/refresh/ HTTP/1.1" 200 108
[25/Apr/2026 03:50:17] "POST /api/auth/refresh/ HTTP/1.1" 200 108
[25/Apr/2026 03:50:17] "GET /api/auth/me/ HTTP/1.1" 200 500
[25/Apr/2026 03:50:17] "GET /api/auth/me/ HTTP/1.1" 200 500
[25/Apr/2026 03:50:30] "GET /api/auth/csrf/ HTTP/1.1" 200 80
[25/Apr/2026 03:50:30] "GET /api/auth/csrf/ HTTP/1.1" 200 80
[25/Apr/2026 03:50:30] "GET /api/auth/me/ HTTP/1.1" 200 500
[25/Apr/2026 03:50:30] "GET /api/auth/me/ HTTP/1.1" 200 500
[25/Apr/2026 03:51:43] "GET /api/auth/csrf/ HTTP/1.1" 200 80
[25/Apr/2026 03:51:43] "GET /api/auth/csrf/ HTTP/1.1" 200 80
[25/Apr/2026 03:51:43] "GET /api/auth/me/ HTTP/1.1" 200 500
[25/Apr/2026 03:51:43] "GET /api/auth/me/ HTTP/1.1" 200 500
[25/Apr/2026 03:57:43] "GET /api/auth/csrf/ HTTP/1.1" 200 80
[25/Apr/2026 03:57:43] "GET /api/auth/csrf/ HTTP/1.1" 200 80
[25/Apr/2026 03:57:43] "GET /api/auth/me/ HTTP/1.1" 200 500
[25/Apr/2026 03:57:43] "GET /api/auth/me/ HTTP/1.1" 200 500
[25/Apr/2026 03:59:22] "GET /api/auth/csrf/ HTTP/1.1" 200 80
[25/Apr/2026 03:59:22] "GET /api/auth/csrf/ HTTP/1.1" 200 80
[25/Apr/2026 03:59:22] "GET /api/auth/me/ HTTP/1.1" 200 500
[25/Apr/2026 03:59:22] "GET /api/auth/me/ HTTP/1.1" 200 500
[25/Apr/2026 04:04:03] "GET /api/auth/csrf/ HTTP/1.1" 200 80
[25/Apr/2026 04:04:03] "GET /api/auth/csrf/ HTTP/1.1" 200 80
[25/Apr/2026 04:04:03] "GET /api/auth/me/ HTTP/1.1" 200 500
[25/Apr/2026 04:04:03] "GET /api/auth/me/ HTTP/1.1" 200 500
